TN:
SF:/Users/yichun/Documents/work/react-json-pretty/JSONPretty.jsx
FN:8,(anonymous_0)
FN:31,(anonymous_1)
FN:39,(anonymous_2)
FNF:3
FNH:3
FNDA:28,(anonymous_0)
FNDA:2,(anonymous_1)
FNDA:3,(anonymous_2)
DA:2,1
DA:4,1
DA:6,1
DA:9,28
DA:10,28
DA:11,28
DA:12,28
DA:13,28
DA:14,28
DA:15,28
DA:16,20
DA:19,28
DA:20,20
DA:21,4
DA:24,16
DA:28,28
DA:33,2
DA:34,2
DA:42,3
DA:44,3
DA:45,2
DA:46,2
DA:49,1
DA:50,1
DA:57,2
LF:25
LH:25
BRDA:14,0,0,28
BRDA:14,0,1,2
BRDA:15,1,0,20
BRDA:15,1,1,8
BRDA:19,2,0,20
BRDA:19,2,1,8
BRDA:20,3,0,4
BRDA:20,3,1,16
BRDA:20,4,0,20
BRDA:20,4,1,18
BRDA:24,5,0,8
BRDA:24,5,1,8
BRDA:28,6,0,28
BRDA:28,6,1,4
BRDA:44,7,0,2
BRDA:44,7,1,1
BRF:16
BRH:16
end_of_record
TN:
SF:/Users/yichun/Documents/work/react-json-pretty/src/JSONPretty.js
FN:3,(anonymous_0)
FN:5,_objectWithoutProperties
FN:14,_replace
FN:36,_pretty
FN:41,render
FNF:5
FNH:4
FNDA:0,(anonymous_0)
FNDA:3,_objectWithoutProperties
FNDA:22,_replace
FNDA:2,_pretty
FNDA:3,render
DA:3,1
DA:5,3
DA:8,1
DA:10,1
DA:12,1
DA:15,22
DA:16,22
DA:17,22
DA:18,22
DA:19,22
DA:20,22
DA:21,22
DA:22,14
DA:25,22
DA:26,14
DA:27,2
DA:29,12
DA:33,22
DA:38,2
DA:39,2
DA:44,3
DA:45,3
DA:46,3
DA:48,3
DA:49,2
DA:50,2
DA:52,1
DA:53,1
DA:57,2
LF:29
LH:29
BRDA:3,0,0,1
BRDA:3,0,1,0
BRDA:3,1,0,0
BRDA:3,1,1,0
BRDA:5,2,0,3
BRDA:5,2,1,0
BRDA:5,3,0,0
BRDA:5,3,1,0
BRDA:20,4,0,22
BRDA:20,4,1,2
BRDA:21,5,0,14
BRDA:21,5,1,8
BRDA:25,6,0,14
BRDA:25,6,1,8
BRDA:26,7,0,2
BRDA:26,7,1,12
BRDA:26,8,0,14
BRDA:26,8,1,12
BRDA:29,9,0,4
BRDA:29,9,1,8
BRDA:33,10,0,22
BRDA:33,10,1,4
BRDA:48,11,0,2
BRDA:48,11,1,1
BRF:24
BRH:18
end_of_record
