TN:
SF:/Users/yichun/Documents/work/react-json-pretty/JSONPretty.jsx
FN:6,(anonymous_0)
FN:29,(anonymous_1)
FN:37,(anonymous_2)
FNF:3
FNH:3
FNDA:28,(anonymous_0)
FNDA:2,(anonymous_1)
FNDA:3,(anonymous_2)
DA:1,1
DA:2,1
DA:4,1
DA:7,28
DA:8,28
DA:9,28
DA:10,28
DA:11,28
DA:12,28
DA:13,28
DA:14,20
DA:17,28
DA:18,20
DA:19,4
DA:22,16
DA:26,28
DA:31,2
DA:32,2
DA:40,3
DA:42,3
DA:43,2
DA:44,2
DA:47,1
DA:48,1
DA:55,2
LF:25
LH:25
BRDA:12,0,0,28
BRDA:12,0,1,2
BRDA:13,1,0,20
BRDA:13,1,1,8
BRDA:17,2,0,20
BRDA:17,2,1,8
BRDA:18,3,0,4
BRDA:18,3,1,16
BRDA:18,4,0,20
BRDA:18,4,1,18
BRDA:22,5,0,8
BRDA:22,5,1,8
BRDA:26,6,0,28
BRDA:26,6,1,4
BRDA:42,7,0,2
BRDA:42,7,1,1
BRF:16
BRH:16
end_of_record
TN:
SF:/Users/yichun/Documents/work/react-json-pretty/src/JSONPretty.js
FN:3,(anonymous_0)
FN:5,_objectWithoutProperties
FN:12,_replace
FN:34,_pretty
FN:39,render
FNF:5
FNH:4
FNDA:0,(anonymous_0)
FNDA:3,_objectWithoutProperties
FNDA:22,_replace
FNDA:2,_pretty
FNDA:3,render
DA:3,1
DA:5,3
DA:7,1
DA:8,1
DA:10,1
DA:13,22
DA:14,22
DA:15,22
DA:16,22
DA:17,22
DA:18,22
DA:19,22
DA:20,14
DA:23,22
DA:24,14
DA:25,2
DA:27,12
DA:31,22
DA:36,2
DA:37,2
DA:42,3
DA:43,3
DA:44,3
DA:46,3
DA:47,2
DA:48,2
DA:50,1
DA:51,1
DA:55,2
LF:29
LH:29
BRDA:3,0,0,1
BRDA:3,0,1,0
BRDA:3,1,0,0
BRDA:3,1,1,0
BRDA:5,2,0,3
BRDA:5,2,1,0
BRDA:5,3,0,0
BRDA:5,3,1,0
BRDA:18,4,0,22
BRDA:18,4,1,2
BRDA:19,5,0,14
BRDA:19,5,1,8
BRDA:23,6,0,14
BRDA:23,6,1,8
BRDA:24,7,0,2
BRDA:24,7,1,12
BRDA:24,8,0,14
BRDA:24,8,1,12
BRDA:27,9,0,4
BRDA:27,9,1,8
BRDA:31,10,0,22
BRDA:31,10,1,4
BRDA:46,11,0,2
BRDA:46,11,1,1
BRF:24
BRH:18
end_of_record
